=== pwd ===
/Users/runner/work/myapp/myapp
=== ls ===
total 40
drwxr-xr-x  11 runner  staff   352 Jun 30 13:04 .
drwxr-xr-x   3 runner  staff    96 Jun 30 13:04 ..
drwxr-xr-x  14 runner  staff   448 Jun 30 13:04 .git
-rw-r--r--   1 runner  staff    94 Jun 30 13:04 .gitattributes
drwxr-xr-x   3 runner  staff    96 Jun 30 13:04 .github
-rw-r--r--   1 runner  staff   399 Jun 30 13:04 .gitignore
-rw-r--r--   1 runner  staff  6367 Jun 30 13:04 README.md
drwxr-xr-x   3 runner  staff    96 Jun 30 13:04 artifacts
drwxr-xr-x   3 runner  staff    96 Jun 30 13:04 ci-logs
drwxr-xr-x  10 runner  staff   320 Jun 30 13:04 iospro
-rw-r--r--   1 runner  staff  1992 Jun 30 13:04 project.yml
=== xcode-select ===
/Applications/Xcode_15.4.app/Contents/Developer
=== xcodebuild -version ===
Xcode 15.4
Build version 15F31d
=== Available SDKs ===
DriverKit SDKs:
	DriverKit 23.5                	-sdk driverkit23.5

iOS SDKs:
	iOS 17.5                      	-sdk iphoneos17.5

iOS Simulator SDKs:
	Simulator - iOS 17.5          	-sdk iphonesimulator17.5

macOS SDKs:
	macOS 14.5                    	-sdk macosx14.5
	macOS 14.5                    	-sdk macosx14.5

tvOS SDKs:
	tvOS 17.5                     	-sdk appletvos17.5

tvOS Simulator SDKs:
	Simulator - tvOS 17.5         	-sdk appletvsimulator17.5

visionOS SDKs:
	visionOS 1.2                  	-sdk xros1.2

visionOS Simulator SDKs:
	Simulator - visionOS 1.2      	-sdk xrsimulator1.2

watchOS SDKs:
	watchOS 10.5                  	-sdk watchos10.5

watchOS Simulator SDKs:
	Simulator - watchOS 10.5      	-sdk watchsimulator10.5

=== XcodeGen version ===
/Users/runner/work/_temp/a30fa576-d6ed-4ad9-afa1-2e7627927428.sh: line 13: xcodegen: command not found
xcodegen not installed
