=== before generate ===
total 40
drwxr-xr-x  11 runner  staff   352 Jun 30 13:04 .
drwxr-xr-x   3 runner  staff    96 Jun 30 13:04 ..
drwxr-xr-x  14 runner  staff   448 Jun 30 13:04 .git
-rw-r--r--   1 runner  staff    94 Jun 30 13:04 .gitattributes
drwxr-xr-x   3 runner  staff    96 Jun 30 13:04 .github
-rw-r--r--   1 runner  staff   399 Jun 30 13:04 .gitignore
-rw-r--r--   1 runner  staff  6367 Jun 30 13:04 README.md
drwxr-xr-x   3 runner  staff    96 Jun 30 13:04 artifacts
drwxr-xr-x   5 runner  staff   160 Jun 30 13:04 ci-logs
drwxr-xr-x  10 runner  staff   320 Jun 30 13:04 iospro
-rw-r--r--   1 runner  staff  1992 Jun 30 13:04 project.yml
=== project.yml ===
name: iospro
options:
  bundleIdPrefix: com.example
  deploymentTarget:
    iOS: "17.0"
  developmentLanguage: zh-Hans
  groupSortPosition: top
  createIntermediateGroups: true
  generateEmptyDirectories: true
settings:
  base:
    SWIFT_VERSION: "5.10"
    IPHONEOS_DEPLOYMENT_TARGET: "17.0"
    MARKETING_VERSION: "0.1.0"
    CURRENT_PROJECT_VERSION: "1"
    DEVELOPMENT_TEAM: ""
    CODE_SIGN_STYLE: Automatic
    ENABLE_USER_SCRIPT_SANDBOXING: NO
targets:
  iospro:
    type: application
    platform: iOS
    sources:
      - path: iospro
        excludes:
          - "**/.DS_Store"
          - "Info.plist"
    resources:
      - iospro/Assets.xcassets
    info:
      path: iospro/Info.plist
      properties:
        CFBundleDisplayName: 健身 AI 教练
        CFBundleShortVersionString: $(MARKETING_VERSION)
        CFBundleVersion: $(CURRENT_PROJECT_VERSION)
        UILaunchScreen:
          UIColorName: AccentColor
        UISupportedInterfaceOrientations:
          - UIInterfaceOrientationPortrait
        UISupportedInterfaceOrientations~ipad:
          - UIInterfaceOrientationPortrait
          - UIInterfaceOrientationPortraitUpsideDown
          - UIInterfaceOrientationLandscapeLeft
          - UIInterfaceOrientationLandscapeRight
        NSCameraUsageDescription: 用于实时分析您的健身动作并给出指导。
        NSMicrophoneUsageDescription: 用于录制带讲解的训练视频（可选功能）。
        NSPhotoLibraryAddUsageDescription: 用于保存训练回放到相册。
        ITSAppUsesNonExemptEncryption: false
    settings:
      base:
        PRODUCT_BUNDLE_IDENTIFIER: com.example.iospro
        TARGETED_DEVICE_FAMILY: "1,2"
        GENERATE_INFOPLIST_FILE: NO
        ASSETCATALOG_COMPILER_APPICON_NAME: AppIcon
        ASSETCATALOG_COMPILER_GLOBAL_ACCENT_COLOR_NAME: AccentColor
    dependencies:
      - sdk: AVFoundation.framework
      - sdk: Vision.framework
      - sdk: CoreImage.framework
      - sdk: CoreHaptics.framework⚙️  Generating plists...
⚙️  Generating project...
⚙️  Writing project...
Created project at /Users/runner/work/myapp/myapp/iospro.xcodeproj
=== after generate ===
total 40
drwxr-xr-x  12 runner  staff   384 Jun 30 13:04 .
drwxr-xr-x   3 runner  staff    96 Jun 30 13:04 ..
drwxr-xr-x  14 runner  staff   448 Jun 30 13:04 .git
-rw-r--r--   1 runner  staff    94 Jun 30 13:04 .gitattributes
drwxr-xr-x   3 runner  staff    96 Jun 30 13:04 .github
-rw-r--r--   1 runner  staff   399 Jun 30 13:04 .gitignore
-rw-r--r--   1 runner  staff  6367 Jun 30 13:04 README.md
drwxr-xr-x   3 runner  staff    96 Jun 30 13:04 artifacts
drwxr-xr-x   5 runner  staff   160 Jun 30 13:04 ci-logs
drwxr-xr-x  10 runner  staff   320 Jun 30 13:04 iospro
drwxr-xr-x   5 runner  staff   160 Jun 30 13:04 iospro.xcodeproj
-rw-r--r--   1 runner  staff  1992 Jun 30 13:04 project.yml
=== xcodeproj check ===
total 48
drwxr-xr-x   5 runner  staff    160 Jun 30 13:04 .
drwxr-xr-x  12 runner  staff    384 Jun 30 13:04 ..
-rw-r--r--   1 runner  staff  23288 Jun 30 13:04 project.pbxproj
drwxr-xr-x   3 runner  staff     96 Jun 30 13:04 project.xcworkspace
drwxr-xr-x   2 runner  staff     64 Jun 30 13:04 xcshareddata
